AppAndroid/demo/build/intermediates/manifest_merge_blame_file/debug/manifest-merger-blame-debug-report.txt
1<?xml version="1.0" encoding="utf-8"?>
2<manifest xmlns:android="http://schemas.android.com/apk/res/android"
3    package="com.neurosdk.brainbit.demo"
4    android:versionCode="1"
5    android:versionName="1.0" >
6
7    <uses-sdk
8        android:minSdkVersion="21"
8-->src\main\AndroidManifest.xml
9        android:targetSdkVersion="32" />
9-->src\main\AndroidManifest.xml
10
11    <uses-feature
11-->[:utils] AndroidManifest.xml:10:5-12:35
12        android:name="android.hardware.bluetooth_le"
12-->[:utils] AndroidManifest.xml:11:9-53
13        android:required="true" />
13-->[:utils] AndroidManifest.xml:12:9-32
14
15    <uses-permission android:name="android.permission.ACCESS_FINE_LOCATION" />
15-->[:utils] AndroidManifest.xml:14:5-79
15-->[:utils] AndroidManifest.xml:14:22-76
16    <uses-permission android:name="android.permission.ACCESS_BACKGROUND_LOCATION" />
16-->[:utils] AndroidManifest.xml:15:5-85
16-->[:utils] AndroidManifest.xml:15:22-82
17    <uses-permission
17-->[:utils] AndroidManifest.xml:16:5-18:38
18        android:name="android.permission.BLUETOOTH"
18-->[:utils] AndroidManifest.xml:17:9-52
19        android:maxSdkVersion="30" />
19-->[:utils] AndroidManifest.xml:18:9-35
20    <uses-permission android:name="android.permission.BLUETOOTH_ADMIN" />
20-->[:utils] AndroidManifest.xml:19:5-74
20-->[:utils] AndroidManifest.xml:19:22-71
21    <uses-permission android:name="android.permission.BLUETOOTH_ADVERTISE" />
21-->[:utils] AndroidManifest.xml:20:5-78
21-->[:utils] AndroidManifest.xml:20:22-75
22    <uses-permission android:name="android.permission.BLUETOOTH_CONNECT" />
22-->[:utils] AndroidManifest.xml:21:5-76
22-->[:utils] AndroidManifest.xml:21:22-73
23    <uses-permission
23-->[:utils] AndroidManifest.xml:22:5-25:32
24        android:name="android.permission.BLUETOOTH_SCAN"
24-->[:utils] AndroidManifest.xml:23:9-57
25        android:usesPermissionFlags="neverForLocation" />
25-->[:utils] AndroidManifest.xml:24:9-55
26
27    <application
27-->src\main\AndroidManifest.xml:5:5-20:19
28        android:allowBackup="true"
28-->src\main\AndroidManifest.xml:6:9-35
29        android:appComponentFactory="androidx.core.app.CoreComponentFactory"
29-->[androidx.core:core:1.3.1] AndroidManifest.xml:24:18-86
30        android:debuggable="true"
31        android:icon="@mipmap/ic_launcher"
31-->src\main\AndroidManifest.xml:7:9-43
32        android:label="@string/app_name"
32-->src\main\AndroidManifest.xml:8:9-41
33        android:roundIcon="@mipmap/ic_launcher_round"
33-->src\main\AndroidManifest.xml:9:9-54
34        android:supportsRtl="true"
34-->src\main\AndroidManifest.xml:10:9-35
35        android:theme="@style/AppTheme" >
35-->src\main\AndroidManifest.xml:11:9-40
36        <activity
36-->src\main\AndroidManifest.xml:12:9-19:20
37            android:name="com.neurosdk.brainbit.demo.MainActivity"
37-->src\main\AndroidManifest.xml:12:19-47
38            android:exported="true" >
38-->src\main\AndroidManifest.xml:13:13-36
39            <intent-filter>
39-->src\main\AndroidManifest.xml:14:13-18:29
40                <action android:name="android.intent.action.MAIN" />
40-->src\main\AndroidManifest.xml:15:17-69
40-->src\main\AndroidManifest.xml:15:25-66
41
42                <category android:name="android.intent.category.LAUNCHER" />
42-->src\main\AndroidManifest.xml:17:17-77
42-->src\main\AndroidManifest.xml:17:27-74
43            </intent-filter>
44        </activity>
45        <activity
45-->[com.google.android.gms:play-services-base:18.0.1] AndroidManifest.xml:20:9-22:45
46            android:name="com.google.android.gms.common.api.GoogleApiActivity"
46-->[com.google.android.gms:play-services-base:18.0.1] AndroidManifest.xml:20:19-85
47            android:exported="false"
47-->[com.google.android.gms:play-services-base:18.0.1] AndroidManifest.xml:22:19-43
48            android:theme="@android:style/Theme.Translucent.NoTitleBar" />
48-->[com.google.android.gms:play-services-base:18.0.1] AndroidManifest.xml:21:19-78
49
50        <meta-data
50-->[com.google.android.gms:play-services-basement:18.0.0] AndroidManifest.xml:21:9-23:69
51            android:name="com.google.android.gms.version"
51-->[com.google.android.gms:play-services-basement:18.0.0] AndroidManifest.xml:22:13-58
52            android:value="@integer/google_play_services_version" />
52-->[com.google.android.gms:play-services-basement:18.0.0] AndroidManifest.xml:23:13-66
53    </application>
54
55</manifest>